-------------------------------------------------------------------------------
Test set: com.bandtec.projeto.lista.desafio3.FaculdadeTest
-------------------------------------------------------------------------------
Tests run: 18, Failures: 5, Errors: 0, Skipped: 0, Time elapsed: 0.447 sec <<< FAILURE!
com.bandtec.projeto.lista.desafio3.FaculdadeTest.testExistsAlunoPorNomeQuandoAcionadoComValorExistenteDeveRetornarVerdadeiro()  Time elapsed: 0.251 sec  <<< FAILURE!
org.opentest4j.AssertionFailedError: expected: <true> but was: <false>
	at org.junit.jupiter.api.AssertionUtils.fail(AssertionUtils.java:55)
	at org.junit.jupiter.api.AssertTrue.assertTrue(AssertTrue.java:40)
	at org.junit.jupiter.api.AssertTrue.assertTrue(AssertTrue.java:35)
	at org.junit.jupiter.api.Assertions.assertTrue(Assertions.java:162)
	at com.bandtec.projeto.lista.desafio3.FaculdadeTest.testExistsAlunoPorNomeQuandoAcionadoComValorExistenteDeveRetornarVerdadeiro(FaculdadeTest.java:31)

com.bandtec.projeto.lista.desafio3.FaculdadeTest.testMatricularAlunoQuandoAcionadoComValorNuloNaoDeveAlterarTamanhoDaLista()  Time elapsed: 0.044 sec  <<< FAILURE!
org.opentest4j.AssertionFailedError: expected: <0> but was: <1>
	at org.junit.jupiter.api.AssertionUtils.fail(AssertionUtils.java:55)
	at org.junit.jupiter.api.AssertionUtils.failNotEqual(AssertionUtils.java:62)
	at org.junit.jupiter.api.AssertEquals.assertEquals(AssertEquals.java:182)
	at org.junit.jupiter.api.AssertEquals.assertEquals(AssertEquals.java:177)
	at org.junit.jupiter.api.Assertions.assertEquals(Assertions.java:517)
	at com.bandtec.projeto.lista.desafio3.FaculdadeTest.testMatricularAlunoQuandoAcionadoComValorNuloNaoDeveAlterarTamanhoDaLista(FaculdadeTest.java:38)

com.bandtec.projeto.lista.desafio3.FaculdadeTest.testMatricularAlunoQuandoAcionadoComValorDuplicadoNaoDeveAlterarTamanhoDaLista()  Time elapsed: 0.007 sec  <<< FAILURE!
org.opentest4j.AssertionFailedError: expected: <4> but was: <5>
	at org.junit.jupiter.api.AssertionUtils.fail(AssertionUtils.java:55)
	at org.junit.jupiter.api.AssertionUtils.failNotEqual(AssertionUtils.java:62)
	at org.junit.jupiter.api.AssertEquals.assertEquals(AssertEquals.java:182)
	at org.junit.jupiter.api.AssertEquals.assertEquals(AssertEquals.java:177)
	at org.junit.jupiter.api.Assertions.assertEquals(Assertions.java:517)
	at com.bandtec.projeto.lista.desafio3.FaculdadeTest.testMatricularAlunoQuandoAcionadoComValorDuplicadoNaoDeveAlterarTamanhoDaLista(FaculdadeTest.java:46)

com.bandtec.projeto.lista.desafio3.FaculdadeTest.testGetQuantidadeAlunosComMatriculaCanceladaQuandoAcionadoEListaPossui1AlunoComMatriculaCanceladaDeveRetornar1()  Time elapsed: 0.005 sec  <<< FAILURE!
org.opentest4j.AssertionFailedError: expected: <1> but was: <0>
	at org.junit.jupiter.api.AssertionUtils.fail(AssertionUtils.java:55)
	at org.junit.jupiter.api.AssertionUtils.failNotEqual(AssertionUtils.java:62)
	at org.junit.jupiter.api.AssertEquals.assertEquals(AssertEquals.java:182)
	at org.junit.jupiter.api.AssertEquals.assertEquals(AssertEquals.java:177)
	at org.junit.jupiter.api.Assertions.assertEquals(Assertions.java:517)
	at com.bandtec.projeto.lista.desafio3.FaculdadeTest.testGetQuantidadeAlunosComMatriculaCanceladaQuandoAcionadoEListaPossui1AlunoComMatriculaCanceladaDeveRetornar1(FaculdadeTest.java:138)

com.bandtec.projeto.lista.desafio3.FaculdadeTest.testCancelarMatriculaQuandoAcionadoComValorExistenteDeveAlterarQuantidadeDeAlunoComMatriculaCancelada()  Time elapsed: 0.018 sec  <<< FAILURE!
org.opentest4j.AssertionFailedError: expected: <1> but was: <0>
	at org.junit.jupiter.api.AssertionUtils.fail(AssertionUtils.java:55)
	at org.junit.jupiter.api.AssertionUtils.failNotEqual(AssertionUtils.java:62)
	at org.junit.jupiter.api.AssertEquals.assertEquals(AssertEquals.java:182)
	at org.junit.jupiter.api.AssertEquals.assertEquals(AssertEquals.java:177)
	at org.junit.jupiter.api.Assertions.assertEquals(Assertions.java:517)
	at com.bandtec.projeto.lista.desafio3.FaculdadeTest.testCancelarMatriculaQuandoAcionadoComValorExistenteDeveAlterarQuantidadeDeAlunoComMatriculaCancelada(FaculdadeTest.java:77)

