<?xml version="1.0" encoding="UTF-8" ?>
<testsuite tests="18" failures="5" name="com.bandtec.projeto.lista.desafio3.FaculdadeTest" time="0.42" errors="0" skipped="0">
  <properties>
[...]
</properties>
  <testcase classname="com.bandtec.projeto.lista.desafio3.FaculdadeTest" name="com.bandtec.projeto.lista.desafio3.FaculdadeTest.testGetQuantidadeAlunosComMatriculaCanceladaQuandoAcionadoEListaEstaVaziaDeveRetornar0" time="0.037"/>
  <testcase classname="com.bandtec.projeto.lista.desafio3.FaculdadeTest" name="com.bandtec.projeto.lista.desafio3.FaculdadeTest.testCancelarMatriculaQuandoAcionadoEListaEstaVaziaDeveRetornar0AoAcionarGetCancelados" time="0.001"/>
  <testcase classname="com.bandtec.projeto.lista.desafio3.FaculdadeTest" name="com.bandtec.projeto.lista.desafio3.FaculdadeTest.testGetQuantidadeAlunosPorSemestreQuandoAcionadoComValorInexistenteDeveRetornar0" time="0.053"/>
  <testcase classname="com.bandtec.projeto.lista.desafio3.FaculdadeTest" name="com.bandtec.projeto.lista.desafio3.FaculdadeTest.testExistsAlunoPorNomeQuandoAcionadoComValorInexistenteDeveRetornarFalso" time="0.003"/>
  <testcase classname="com.bandtec.projeto.lista.desafio3.FaculdadeTest" name="com.bandtec.projeto.lista.desafio3.FaculdadeTest.testExistsAlunoPorNomeQuandoAcionadoComValorExistenteDeveRetornarVerdadeiro" time="0.251">
    <failure message="expected: &lt;true&gt; but was: &lt;false&gt;" type="org.opentest4j.AssertionFailedError">org.opentest4j.AssertionFailedError: expected: &lt;true&gt; but was: &lt;false&gt;
	at org.junit.jupiter.api.AssertionUtils.fail(AssertionUtils.java:55)
	at org.junit.jupiter.api.AssertTrue.assertTrue(AssertTrue.java:40)
	at org.junit.jupiter.api.AssertTrue.assertTrue(AssertTrue.java:35)
	at org.junit.jupiter.api.Assertions.assertTrue(Assertions.java:162)
	at com.bandtec.projeto.lista.desafio3.FaculdadeTest.testExistsAlunoPorNomeQuandoAcionadoComValorExistenteDeveRetornarVerdadeiro(FaculdadeTest.java:31)
</failure>
  </testcase>
  <testcase classname="com.bandtec.projeto.lista.desafio3.FaculdadeTest" name="com.bandtec.projeto.lista.desafio3.FaculdadeTest.testGetQuantidadeAlunosQuandoAcionadoEListaPossui4AlunosDevRetornar4" time="0"/>
  <testcase classname="com.bandtec.projeto.lista.desafio3.FaculdadeTest" name="com.bandtec.projeto.lista.desafio3.FaculdadeTest.testMatricularAlunoQuandoAcionadoComValorNuloNaoDeveAlterarTamanhoDaLista" time="0.044">
    <failure message="expected: &lt;0&gt; but was: &lt;1&gt;" type="org.opentest4j.AssertionFailedError">org.opentest4j.AssertionFailedError: expected: &lt;0&gt; but was: &lt;1&gt;
	at org.junit.jupiter.api.AssertionUtils.fail(AssertionUtils.java:55)
	at org.junit.jupiter.api.AssertionUtils.failNotEqual(AssertionUtils.java:62)
	at org.junit.jupiter.api.AssertEquals.assertEquals(AssertEquals.java:182)
	at org.junit.jupiter.api.AssertEquals.assertEquals(AssertEquals.java:177)
	at org.junit.jupiter.api.Assertions.assertEquals(Assertions.java:517)
	at com.bandtec.projeto.lista.desafio3.FaculdadeTest.testMatricularAlunoQuandoAcionadoComValorNuloNaoDeveAlterarTamanhoDaLista(FaculdadeTest.java:38)
</failure>
  </testcase>
  <testcase classname="com.bandtec.projeto.lista.desafio3.FaculdadeTest" name="com.bandtec.projeto.lista.desafio3.FaculdadeTest.testMatricularAlunoQuandoAcionadoComValorDuplicadoNaoDeveAlterarTamanhoDaLista" time="0.007">
    <failure message="expected: &lt;4&gt; but was: &lt;5&gt;" type="org.opentest4j.AssertionFailedError">org.opentest4j.AssertionFailedError: expected: &lt;4&gt; but was: &lt;5&gt;
	at org.junit.jupiter.api.AssertionUtils.fail(AssertionUtils.java:55)
	at org.junit.jupiter.api.AssertionUtils.failNotEqual(AssertionUtils.java:62)
	at org.junit.jupiter.api.AssertEquals.assertEquals(AssertEquals.java:182)
	at org.junit.jupiter.api.AssertEquals.assertEquals(AssertEquals.java:177)
	at org.junit.jupiter.api.Assertions.assertEquals(Assertions.java:517)
	at com.bandtec.projeto.lista.desafio3.FaculdadeTest.testMatricularAlunoQuandoAcionadoComValorDuplicadoNaoDeveAlterarTamanhoDaLista(FaculdadeTest.java:46)
</failure>
  </testcase>
  <testcase classname="com.bandtec.projeto.lista.desafio3.FaculdadeTest" name="com.bandtec.projeto.lista.desafio3.FaculdadeTest.testMatricularAlunoQuandoAcionadoComValorUnicoDeveAlterarTamanhoDaLista" time="0"/>
  <testcase classname="com.bandtec.projeto.lista.desafio3.FaculdadeTest" name="com.bandtec.projeto.lista.desafio3.FaculdadeTest.testGetQuantidadeAlunosPorSemestreQuandoAcionadoEListaEstaVaziaDeveRetornar0" time="0"/>
  <testcase classname="com.bandtec.projeto.lista.desafio3.FaculdadeTest" name="com.bandtec.projeto.lista.desafio3.FaculdadeTest.testGetQuantidadeAlunosPorSemestreQuandoAcionadoComValorNuloDeveRetornar0" time="0.001"/>
  <testcase classname="com.bandtec.projeto.lista.desafio3.FaculdadeTest" name="com.bandtec.projeto.lista.desafio3.FaculdadeTest.testGetQuantidadeAlunosComMatriculaCanceladaQuandoAcionadoEListaPossui1AlunoComMatriculaCanceladaDeveRetornar1" time="0.005">
    <failure message="expected: &lt;1&gt; but was: &lt;0&gt;" type="org.opentest4j.AssertionFailedError">org.opentest4j.AssertionFailedError: expected: &lt;1&gt; but was: &lt;0&gt;
	at org.junit.jupiter.api.AssertionUtils.fail(AssertionUtils.java:55)
	at org.junit.jupiter.api.AssertionUtils.failNotEqual(AssertionUtils.java:62)
	at org.junit.jupiter.api.AssertEquals.assertEquals(AssertEquals.java:182)
	at org.junit.jupiter.api.AssertEquals.assertEquals(AssertEquals.java:177)
	at org.junit.jupiter.api.Assertions.assertEquals(Assertions.java:517)
	at com.bandtec.projeto.lista.desafio3.FaculdadeTest.testGetQuantidadeAlunosComMatriculaCanceladaQuandoAcionadoEListaPossui1AlunoComMatriculaCanceladaDeveRetornar1(FaculdadeTest.java:138)
</failure>
  </testcase>
  <testcase classname="com.bandtec.projeto.lista.desafio3.FaculdadeTest" name="com.bandtec.projeto.lista.desafio3.FaculdadeTest.testCancelarMatriculaQuandoAcionadoComValorExistenteDeveAlterarQuantidadeDeAlunoComMatriculaCancelada" time="0.018">
    <failure message="expected: &lt;1&gt; but was: &lt;0&gt;" type="org.opentest4j.AssertionFailedError">org.opentest4j.AssertionFailedError: expected: &lt;1&gt; but was: &lt;0&gt;
	at org.junit.jupiter.api.AssertionUtils.fail(AssertionUtils.java:55)
	at org.junit.jupiter.api.AssertionUtils.failNotEqual(AssertionUtils.java:62)
	at org.junit.jupiter.api.AssertEquals.assertEquals(AssertEquals.java:182)
	at org.junit.jupiter.api.AssertEquals.assertEquals(AssertEquals.java:177)
	at org.junit.jupiter.api.Assertions.assertEquals(Assertions.java:517)
	at com.bandtec.projeto.lista.desafio3.FaculdadeTest.testCancelarMatriculaQuandoAcionadoComValorExistenteDeveAlterarQuantidadeDeAlunoComMatriculaCancelada(FaculdadeTest.java:77)
</failure>
  </testcase>
  <testcase classname="com.bandtec.projeto.lista.desafio3.FaculdadeTest" name="com.bandtec.projeto.lista.desafio3.FaculdadeTest.testGetQuantidadeAlunosComMatriculaCanceladaQuandoAcionadoEListaNaoPossuiAlunosComMatriculaCanceladaDeveRetornar0" time="0"/>
  <testcase classname="com.bandtec.projeto.lista.desafio3.FaculdadeTest" name="com.bandtec.projeto.lista.desafio3.FaculdadeTest.testCancelarMatriculaQuandoAcionadoComValorNuloNaoDeveAlterarQuantidadeDeAlunoComMatriculaCancelada" time="0"/>
  <testcase classname="com.bandtec.projeto.lista.desafio3.FaculdadeTest" name="com.bandtec.projeto.lista.desafio3.FaculdadeTest.testExistsAlunoPorNomeQuandoAcionadoComValorNuloDeveRetornarFalso" time="0"/>
  <testcase classname="com.bandtec.projeto.lista.desafio3.FaculdadeTest" name="com.bandtec.projeto.lista.desafio3.FaculdadeTest.testGetQuantidadeAlunosPorSemestreQuandoAcionadoCom2DeveRetornar2" time="0"/>
  <testcase classname="com.bandtec.projeto.lista.desafio3.FaculdadeTest" name="com.bandtec.projeto.lista.desafio3.FaculdadeTest.testGetQuantidadeAlunosQuandoAcionadoEListaEstaVaziaDevRetornar0" time="0"/>
</testsuite>