-------------------------------------------------------------------------------
Test set: school.sptech.projeto1.heranca.CarrinhoTest
-------------------------------------------------------------------------------
Tests run: 16, Failures: 1, Errors: 3, Skipped: 0, Time elapsed: 0.159 s <<< FAILURE! - in school.sptech.projeto1.heranca.CarrinhoTest
school.sptech.projeto1.heranca.CarrinhoTest.dadoUmValorValidoMetodoAdicionarProdutoDeveAdicionarOProdutoNoCarrinho  Time elapsed: 0.023 s  <<< ERROR!
java.lang.NullPointerException: Cannot invoke "java.util.List.size()" because the return value of "school.sptech.projeto1.heranca.Carrinho.getProdutos()" is null
	at school.sptech.projeto1.heranca.CarrinhoTest.dadoUmValorValidoMetodoAdicionarProdutoDeveAdicionarOProdutoNoCarrinho(CarrinhoTest.java:43)

school.sptech.projeto1.heranca.CarrinhoTest.dadoUmValorInvalidoMetodoAdicionarProdutoNaoDeveAdicionarOProdutoNoCarrinho  Time elapsed: 0.004 s  <<< ERROR!
java.lang.NullPointerException: Cannot invoke "school.sptech.projeto1.heranca.Produto.getPreco()" because "produto" is null
	at school.sptech.projeto1.heranca.CarrinhoTest.dadoUmValorInvalidoMetodoAdicionarProdutoNaoDeveAdicionarOProdutoNoCarrinho(CarrinhoTest.java:52)

school.sptech.projeto1.heranca.CarrinhoTest.aoPassarUmValorValidoMetodoRemoverProdutoDeveRemoverOProdutoDaLista  Time elapsed: 0.002 s  <<< ERROR!
java.lang.NullPointerException: Cannot invoke "java.util.List.size()" because the return value of "school.sptech.projeto1.heranca.Carrinho.getProdutos()" is null
	at school.sptech.projeto1.heranca.CarrinhoTest.aoPassarUmValorValidoMetodoRemoverProdutoDeveRemoverOProdutoDaLista(CarrinhoTest.java:64)

school.sptech.projeto1.heranca.CarrinhoTest.quandoIndiceValidoMetodoFindProdutoPeloIndiceDeveRetornarOProdutoEncontrado  Time elapsed: 0.002 s  <<< FAILURE!
org.opentest4j.AssertionFailedError: expected: <school.sptech.projeto1.heranca.Produto@5ffead27> but was: <school.sptech.projeto1.heranca.Produto@6356695f>
	at school.sptech.projeto1.heranca.CarrinhoTest.quandoIndiceValidoMetodoFindProdutoPeloIndiceDeveRetornarOProdutoEncontrado(CarrinhoTest.java:105)

