<?xml version="1.0" encoding="UTF-8"?>
<testsuite xmlns:xsi="http://www.w3.org/2001/XMLSchema-instance" xsi:noNamespaceSchemaLocation="https://maven.apache.org/surefire/maven-surefire-plugin/xsd/surefire-test-report-3.0.xsd" version="3.0" name="school.sptech.projeto1.heranca.CarrinhoTest" time="0.159" tests="16" errors="3" skipped="0" failures="1">
  <properties>
[...]
</properties>
  <testcase name="removerProduto(): dado um valor inválido não deve lançar um erro" classname="school.sptech.projeto1.heranca.CarrinhoTest" time="0.046">
    <system-out><![CDATA[Produto adicionado ao carrinho
Produto adicionado ao carrinho
Produto adicionado ao carrinho
Produto adicionado ao carrinho
Produto adicionado ao carrinho
Produto adicionado ao carrinho
Produto adicionado ao carrinho
Produto adicionado ao carrinho
Produto adicionado ao carrinho
Produto adicionado ao carrinho
Produto adicionado ao carrinho
]]></system-out>
  </testcase>
  <testcase name="adicionarProduto(): dado um valor válido deve adicionar o produto no carrinho" classname="school.sptech.projeto1.heranca.CarrinhoTest" time="0.023">
    <error type="java.lang.NullPointerException"><![CDATA[java.lang.NullPointerException: Cannot invoke "java.util.List.size()" because the return value of "school.sptech.projeto1.heranca.Carrinho.getProdutos()" is null
	at school.sptech.projeto1.heranca.CarrinhoTest.dadoUmValorValidoMetodoAdicionarProdutoDeveAdicionarOProdutoNoCarrinho(CarrinhoTest.java:43)
]]></error>
    <system-out><![CDATA[Produto adicionado ao carrinho
Produto adicionado ao carrinho
Produto adicionado ao carrinho
Produto adicionado ao carrinho
Produto adicionado ao carrinho
Produto adicionado ao carrinho
Produto adicionado ao carrinho
Produto adicionado ao carrinho
Produto adicionado ao carrinho
Produto adicionado ao carrinho
Produto adicionado ao carrinho
Produto adicionado ao carrinho
]]></system-out>
  </testcase>
  <testcase name="adicionarProduto(): dado um valor inválido não deve adicionar o produto no carrinho" classname="school.sptech.projeto1.heranca.CarrinhoTest" time="0.004">
    <error type="java.lang.NullPointerException"><![CDATA[java.lang.NullPointerException: Cannot invoke "school.sptech.projeto1.heranca.Produto.getPreco()" because "produto" is null
	at school.sptech.projeto1.heranca.CarrinhoTest.dadoUmValorInvalidoMetodoAdicionarProdutoNaoDeveAdicionarOProdutoNoCarrinho(CarrinhoTest.java:52)
]]></error>
    <system-out><![CDATA[Produto adicionado ao carrinho
Produto adicionado ao carrinho
Produto adicionado ao carrinho
Produto adicionado ao carrinho
Produto adicionado ao carrinho
Produto adicionado ao carrinho
Produto adicionado ao carrinho
Produto adicionado ao carrinho
Produto adicionado ao carrinho
Produto adicionado ao carrinho
Produto adicionado ao carrinho
]]></system-out>
  </testcase>
  <testcase name="findProdutoPeloNome(): quando nome inválido deve retornar null" classname="school.sptech.projeto1.heranca.CarrinhoTest" time="0.005">
    <system-out><![CDATA[Produto adicionado ao carrinho
Produto adicionado ao carrinho
Produto adicionado ao carrinho
Produto adicionado ao carrinho
Produto adicionado ao carrinho
Produto adicionado ao carrinho
Produto adicionado ao carrinho
Produto adicionado ao carrinho
Produto adicionado ao carrinho
Produto adicionado ao carrinho
Produto adicionado ao carrinho
]]></system-out>
  </testcase>
  <testcase name="findProdutoPeloIndice(): quando índice inválido deve retornar null" classname="school.sptech.projeto1.heranca.CarrinhoTest" time="0.002">
    <system-out><![CDATA[Produto adicionado ao carrinho
Produto adicionado ao carrinho
Produto adicionado ao carrinho
Produto adicionado ao carrinho
Produto adicionado ao carrinho
Produto adicionado ao carrinho
Produto adicionado ao carrinho
Produto adicionado ao carrinho
Produto adicionado ao carrinho
Produto adicionado ao carrinho
Produto adicionado ao carrinho
]]></system-out>
  </testcase>
  <testcase name="findProdutoPeloNome(): quando nome válido caixa baixa deve retornar o produto encontrado" classname="school.sptech.projeto1.heranca.CarrinhoTest" time="0.005">
    <system-out><![CDATA[Produto adicionado ao carrinho
Produto adicionado ao carrinho
Produto adicionado ao carrinho
Produto adicionado ao carrinho
Produto adicionado ao carrinho
Produto adicionado ao carrinho
Produto adicionado ao carrinho
Produto adicionado ao carrinho
Produto adicionado ao carrinho
Produto adicionado ao carrinho
Produto adicionado ao carrinho
]]></system-out>
  </testcase>
  <testcase name="removerProduto(): dado um valor válido deve remover o produto da lista" classname="school.sptech.projeto1.heranca.CarrinhoTest" time="0.002">
    <error type="java.lang.NullPointerException"><![CDATA[java.lang.NullPointerException: Cannot invoke "java.util.List.size()" because the return value of "school.sptech.projeto1.heranca.Carrinho.getProdutos()" is null
	at school.sptech.projeto1.heranca.CarrinhoTest.aoPassarUmValorValidoMetodoRemoverProdutoDeveRemoverOProdutoDaLista(CarrinhoTest.java:64)
]]></error>
    <system-out><![CDATA[Produto adicionado ao carrinho
Produto adicionado ao carrinho
Produto adicionado ao carrinho
Produto adicionado ao carrinho
Produto adicionado ao carrinho
Produto adicionado ao carrinho
Produto adicionado ao carrinho
Produto adicionado ao carrinho
Produto adicionado ao carrinho
Produto adicionado ao carrinho
Produto adicionado ao carrinho
]]></system-out>
  </testcase>
  <testcase name="parcelarCompra(): deve calcular o valor de cada parcela dependendo da quantidade selecionada" classname="school.sptech.projeto1.heranca.CarrinhoTest" time="0.003">
    <system-out><![CDATA[Produto adicionado ao carrinho
Produto adicionado ao carrinho
Produto adicionado ao carrinho
Produto adicionado ao carrinho
Produto adicionado ao carrinho
Produto adicionado ao carrinho
Produto adicionado ao carrinho
Produto adicionado ao carrinho
Produto adicionado ao carrinho
Produto adicionado ao carrinho
Produto adicionado ao carrinho
Produto adicionado ao carrinho
Produto adicionado ao carrinho
Produto adicionado ao carrinho
Produto adicionado ao carrinho
]]></system-out>
  </testcase>
  <testcase name="countProdutosInternacionais(): deve retornar a quantidade de produtos internacionais no carrinho - Cenário 1" classname="school.sptech.projeto1.heranca.CarrinhoTest" time="0.001">
    <system-out><![CDATA[Produto adicionado ao carrinho
Produto adicionado ao carrinho
Produto adicionado ao carrinho
Produto adicionado ao carrinho
Produto adicionado ao carrinho
Produto adicionado ao carrinho
Produto adicionado ao carrinho
Produto adicionado ao carrinho
Produto adicionado ao carrinho
Produto adicionado ao carrinho
Produto adicionado ao carrinho
]]></system-out>
  </testcase>
  <testcase name="findProdutoPorCategoria(): quando categoria inválida deve retornar uma lista vazia" classname="school.sptech.projeto1.heranca.CarrinhoTest" time="0.002">
    <system-out><![CDATA[Produto adicionado ao carrinho
Produto adicionado ao carrinho
Produto adicionado ao carrinho
Produto adicionado ao carrinho
Produto adicionado ao carrinho
Produto adicionado ao carrinho
Produto adicionado ao carrinho
Produto adicionado ao carrinho
Produto adicionado ao carrinho
Produto adicionado ao carrinho
Produto adicionado ao carrinho
]]></system-out>
  </testcase>
  <testcase name="findProdutoPeloIndice(): quando índice válido deve retornar o produto encontrado" classname="school.sptech.projeto1.heranca.CarrinhoTest" time="0.002">
    <failure type="org.opentest4j.AssertionFailedError"><![CDATA[org.opentest4j.AssertionFailedError: expected: <school.sptech.projeto1.heranca.Produto@5ffead27> but was: <school.sptech.projeto1.heranca.Produto@6356695f>
	at school.sptech.projeto1.heranca.CarrinhoTest.quandoIndiceValidoMetodoFindProdutoPeloIndiceDeveRetornarOProdutoEncontrado(CarrinhoTest.java:105)
]]></failure>
    <system-out><![CDATA[Produto adicionado ao carrinho
Produto adicionado ao carrinho
Produto adicionado ao carrinho
Produto adicionado ao carrinho
Produto adicionado ao carrinho
Produto adicionado ao carrinho
Produto adicionado ao carrinho
Produto adicionado ao carrinho
Produto adicionado ao carrinho
Produto adicionado ao carrinho
Produto adicionado ao carrinho
]]></system-out>
  </testcase>
  <testcase name="findProdutoPorCategoria(): quando categoria válida e em caixa alta deve retornar todos os produtos encontrados" classname="school.sptech.projeto1.heranca.CarrinhoTest" time="0.001">
    <system-out><![CDATA[Produto adicionado ao carrinho
Produto adicionado ao carrinho
Produto adicionado ao carrinho
Produto adicionado ao carrinho
Produto adicionado ao carrinho
Produto adicionado ao carrinho
Produto adicionado ao carrinho
Produto adicionado ao carrinho
Produto adicionado ao carrinho
Produto adicionado ao carrinho
Produto adicionado ao carrinho
]]></system-out>
  </testcase>
  <testcase name="findProdutoPeloNome(): quando nome válido deve retornar o produto encontrado" classname="school.sptech.projeto1.heranca.CarrinhoTest" time="0.001">
    <system-out><![CDATA[Produto adicionado ao carrinho
Produto adicionado ao carrinho
Produto adicionado ao carrinho
Produto adicionado ao carrinho
Produto adicionado ao carrinho
Produto adicionado ao carrinho
Produto adicionado ao carrinho
Produto adicionado ao carrinho
Produto adicionado ao carrinho
Produto adicionado ao carrinho
Produto adicionado ao carrinho
]]></system-out>
  </testcase>
  <testcase name="calcularTotal(): deve calcular o valor de todos os itens do carrinho" classname="school.sptech.projeto1.heranca.CarrinhoTest" time="0.001">
    <system-out><![CDATA[Produto adicionado ao carrinho
Produto adicionado ao carrinho
Produto adicionado ao carrinho
Produto adicionado ao carrinho
Produto adicionado ao carrinho
Produto adicionado ao carrinho
Produto adicionado ao carrinho
Produto adicionado ao carrinho
Produto adicionado ao carrinho
Produto adicionado ao carrinho
Produto adicionado ao carrinho
Produto adicionado ao carrinho
Produto adicionado ao carrinho
Produto adicionado ao carrinho
Produto adicionado ao carrinho
]]></system-out>
  </testcase>
  <testcase name="findProdutoPorCategoria(): quando categoria válida deve retornar todos os produtos encontrados" classname="school.sptech.projeto1.heranca.CarrinhoTest" time="0.001">
    <system-out><![CDATA[Produto adicionado ao carrinho
Produto adicionado ao carrinho
Produto adicionado ao carrinho
Produto adicionado ao carrinho
Produto adicionado ao carrinho
Produto adicionado ao carrinho
Produto adicionado ao carrinho
Produto adicionado ao carrinho
Produto adicionado ao carrinho
Produto adicionado ao carrinho
Produto adicionado ao carrinho
]]></system-out>
  </testcase>
  <testcase name="countProdutosInternacionais(): deve retornar a quantidade de produtos internacionais no carrinho - Cenário 2" classname="school.sptech.projeto1.heranca.CarrinhoTest" time="0.001">
    <system-out><![CDATA[Produto adicionado ao carrinho
Produto adicionado ao carrinho
Produto adicionado ao carrinho
Produto adicionado ao carrinho
Produto adicionado ao carrinho
Produto adicionado ao carrinho
Produto adicionado ao carrinho
Produto adicionado ao carrinho
Produto adicionado ao carrinho
Produto adicionado ao carrinho
Produto adicionado ao carrinho
Produto adicionado ao carrinho
Produto adicionado ao carrinho
Produto adicionado ao carrinho
Produto adicionado ao carrinho
]]></system-out>
  </testcase>
</testsuite>